<?xml version="1.0" encoding="UTF-8"?>
<testsuite name="ru.stqa.courses.sandbox.PointTest" tests="1" skipped="0" failures="0" errors="0" timestamp="2017-08-14T00:07:50" hostname="nordstar" time="0.041">
  <properties/>
  <testcase name="testDistanceTo" classname="ru.stqa.courses.sandbox.PointTest" time="0.041"/>
  <system-out><![CDATA[]]></system-out>
  <system-err><![CDATA[]]></system-err>
</testsuite>
