<?xml version="1.0" encoding="UTF-8"?>
<testsuite name="ru.stqa.pft.addressbook.tests.ContactModificationTest" tests="1" skipped="0" failures="0" errors="0" timestamp="2017-07-18T17:46:30" hostname="nordstar" time="8.272">
  <properties/>
  <testcase name="ContactModificationTest" classname="ru.stqa.pft.addressbook.tests.ContactModificationTest" time="8.272"/>
  <system-out><![CDATA[]]></system-out>
  <system-err><![CDATA[]]></system-err>
</testsuite>
