<?xml version="1.0" encoding="UTF-8"?>
<testsuite name="ru.stqa.pft.addressbook.tests.GroupCreationTest" tests="2" skipped="0" failures="0" errors="0" timestamp="2017-07-18T17:46:22" hostname="nordstar" time="8.05">
  <properties/>
  <testcase name="testGroupCreation[0](GroupData{id='0', name='groupname 0'})" classname="ru.stqa.pft.addressbook.tests.GroupCreationTest" time="4.299"/>
  <testcase name="testGroupCreation[1](GroupData{id='0', name='groupname 1'})" classname="ru.stqa.pft.addressbook.tests.GroupCreationTest" time="3.75"/>
  <system-out><![CDATA[]]></system-out>
  <system-err><![CDATA[]]></system-err>
</testsuite>
